[2025-03-09 11:23:27,624] - DEBUG - Saved 3 keyword entries
[2025-03-09 11:23:27,624] - DEBUG - Saved 3 interactions
[2025-03-09 11:23:27,624] - DEBUG - Saved cultural memory: {
  "trust": -0.7,
  "hope": -0.4,
  "survival": 0.9,
  "community": 0.6,
  "outsiders": -0.8,
  "change": -0.3,
  "tradition": 0.7,
  "sacrifice": 0.5,
  "knowledge": 0.6,
  "nature": 0.4
}
[2025-03-09 11:23:27,623] - INFO - Ashari memory saved to data/ashari_memory.json
[2025-03-09 11:23:27,622] - DEBUG - Saved 3 keyword entries
[2025-03-09 11:23:27,622] - DEBUG - Saved 3 interactions
[2025-03-09 11:23:27,622] - DEBUG - Saved cultural memory: {
  "trust": -0.7,
  "hope": -0.4,
  "survival": 0.9,
  "community": 0.6,
  "outsiders": -0.8,
  "change": -0.3,
  "tradition": 0.7,
  "sacrifice": 0.5,
  "knowledge": 0.6,
  "nature": 0.4
}
[2025-03-09 11:23:27,621] - INFO - Ashari memory saved to data/ashari_memory.json
[2025-03-09 11:23:22,162] - INFO - Added new keyword 'fog' to Ashari's memory
[2025-03-09 11:23:22,161] - DEBUG - Added interaction to history (total: 3)
[2025-03-09 11:23:22,161] - INFO - No significant changes to cultural memory in this update
[2025-03-09 11:23:22,161] - DEBUG - No specific cultural values triggered, applying general sentiment shift
[2025-03-09 11:23:22,160] - DEBUG - Sentiment analysis for 'fog': 0 (positive:0, negative:0)
[2025-03-09 11:23:22,160] - INFO - Updating cultural memory based on prompt: 'fog'
[2025-03-09 11:23:22,160] - DEBUG - Generated response framework: {
  "original_prompt": "fog",
  "cultural_lens": "The Ashari view this with neutral pragmatism",
  "emotional_tone": "calm, steady, and practical",
  "response_guidance": "Share practical wisdom while neither fully embracing nor rejecting. Maintain equilibrium.",
  "cultural_values_context": {
    "trust": -0.7,
    "hope": -0.4,
    "survival": 0.9,
    "community": 0.6,
    "outsiders": -0.8,
    "change": -0.3,
    "tradition": 0.7,
    "sacrifice": 0.5,
    "knowledge": 0.6,
    "nature": 0.4
  }
}
[2025-03-09 11:23:22,159] - DEBUG - Generated framework emotional tone: calm, steady, and practical
[2025-03-09 11:23:22,159] - DEBUG - Generated framework cultural lens: The Ashari view this with neutral pragmatism
[2025-03-09 11:23:22,159] - DEBUG - Calculated overall stance: 0.0300
[2025-03-09 11:23:22,158] - DEBUG - No specific themes triggered, using overall cultural stance
[2025-03-09 11:23:22,158] - DEBUG - Generating response framework for: 'fog'
[2025-03-09 11:23:22,158] - DEBUG - Culturally filtered themes: {}
[2025-03-09 11:23:22,157] - DEBUG - Applying cultural filter to themes: {}
[2025-03-09 11:23:22,157] - DEBUG - Extracted themes: {}
[2025-03-09 11:23:22,157] - DEBUG - Extracting themes from: 'fog'
[2025-03-09 11:23:22,156] - INFO - Processing input: 'fog'
[2025-03-09 11:23:16,975] - DEBUG - Loaded 2 keyword entries into memory
[2025-03-09 11:23:16,975] - DEBUG - Cultural memory after loading: {
  "trust": -0.7,
  "hope": -0.4,
  "survival": 0.9,
  "community": 0.6,
  "outsiders": -0.8,
  "change": -0.3,
  "tradition": 0.7,
  "sacrifice": 0.5,
  "knowledge": 0.6,
  "nature": 0.4
}
[2025-03-09 11:23:16,974] - INFO - State loaded successfully, found 2 previous interactions
[2025-03-09 11:23:16,974] - DEBUG - Current cultural memory before loading: {
  "trust": -0.7,
  "hope": -0.4,
  "survival": 0.9,
  "community": 0.6,
  "outsiders": -0.8,
  "change": -0.3,
  "tradition": 0.7,
  "sacrifice": 0.5,
  "knowledge": 0.6,
  "nature": 0.4
}
[2025-03-09 11:23:16,974] - INFO - Loading state from data/ashari_memory.json
[2025-03-09 11:23:16,973] - DEBUG - Initial cultural memory values: {
  "trust": -0.7,
  "hope": -0.4,
  "survival": 0.9,
  "community": 0.6,
  "outsiders": -0.8,
  "change": -0.3,
  "tradition": 0.7,
  "sacrifice": 0.5,
  "knowledge": 0.6,
  "nature": 0.4
}
[2025-03-09 11:23:16,971] - INFO - Initializing Ashari cultural system
2025-03-09 11:19:08,815 - ashari - INFO - Initializing Ashari cultural system
2025-03-09 11:19:08,816 - ashari - DEBUG - Initial cultural memory values: {
  "trust": -0.7,
  "hope": -0.4,
  "survival": 0.9,
  "community": 0.6,
  "outsiders": -0.8,
  "change": -0.3,
  "tradition": 0.7,
  "sacrifice": 0.5,
  "knowledge": 0.6,
  "nature": 0.4
}
2025-03-09 11:19:08,816 - ashari - WARNING - No existing memory file found at data/ashari_memory.json. Using default values.
2025-03-09 11:19:12,334 - ashari - INFO - Processing input: 'wind'
2025-03-09 11:19:12,334 - ashari - DEBUG - Extracting themes from: 'wind'
2025-03-09 11:19:12,334 - ashari - DEBUG - Extracted themes: {}
2025-03-09 11:19:12,335 - ashari - DEBUG - Applying cultural filter to themes: {}
2025-03-09 11:19:12,335 - ashari - DEBUG - Culturally filtered themes: {}
2025-03-09 11:19:12,335 - ashari - DEBUG - Generating response framework for: 'wind'
2025-03-09 11:19:12,335 - ashari - DEBUG - No specific themes triggered, using overall cultural stance
2025-03-09 11:19:12,335 - ashari - DEBUG - Calculated overall stance: 0.0300
2025-03-09 11:19:12,335 - ashari - DEBUG - Generated framework cultural lens: The Ashari view this with neutral pragmatism
2025-03-09 11:19:12,335 - ashari - DEBUG - Generated framework emotional tone: calm, steady, and practical
2025-03-09 11:19:12,335 - ashari - DEBUG - Generated response framework: {
  "original_prompt": "wind",
  "cultural_lens": "The Ashari view this with neutral pragmatism",
  "emotional_tone": "calm, steady, and practical",
  "response_guidance": "Share practical wisdom while neither fully embracing nor rejecting. Maintain equilibrium.",
  "cultural_values_context": {
    "trust": -0.7,
    "hope": -0.4,
    "survival": 0.9,
    "community": 0.6,
    "outsiders": -0.8,
    "change": -0.3,
    "tradition": 0.7,
    "sacrifice": 0.5,
    "knowledge": 0.6,
    "nature": 0.4
  }
}
2025-03-09 11:19:12,335 - ashari - INFO - Updating cultural memory based on prompt: 'wind'
2025-03-09 11:19:12,336 - ashari - DEBUG - Sentiment analysis for 'wind': 0 (positive:0, negative:0)
2025-03-09 11:19:12,336 - ashari - DEBUG - No specific cultural values triggered, applying general sentiment shift
2025-03-09 11:19:12,336 - ashari - INFO - No significant changes to cultural memory in this update
2025-03-09 11:19:12,336 - ashari - DEBUG - Added interaction to history (total: 1)
2025-03-09 11:19:12,336 - ashari - INFO - Added new keyword 'wind' to Ashari's memory
2025-03-09 11:19:17,104 - ashari - INFO - Ashari memory saved to data/ashari_memory.json
2025-03-09 11:19:17,104 - ashari - DEBUG - Saved cultural memory: {
  "trust": -0.7,
  "hope": -0.4,
  "survival": 0.9,
  "community": 0.6,
  "outsiders": -0.8,
  "change": -0.3,
  "tradition": 0.7,
  "sacrifice": 0.5,
  "knowledge": 0.6,
  "nature": 0.4
}
2025-03-09 11:19:17,104 - ashari - DEBUG - Saved 1 interactions
2025-03-09 11:19:17,104 - ashari - DEBUG - Saved 1 keyword entries
2025-03-09 11:19:17,105 - ashari - INFO - Ashari memory saved to data/ashari_memory.json
2025-03-09 11:19:17,105 - ashari - DEBUG - Saved cultural memory: {
  "trust": -0.7,
  "hope": -0.4,
  "survival": 0.9,
  "community": 0.6,
  "outsiders": -0.8,
  "change": -0.3,
  "tradition": 0.7,
  "sacrifice": 0.5,
  "knowledge": 0.6,
  "nature": 0.4
}
2025-03-09 11:19:17,105 - ashari - DEBUG - Saved 1 interactions
2025-03-09 11:19:17,105 - ashari - DEBUG - Saved 1 keyword entries
2025-03-09 11:19:38,598 - ashari - INFO - Processing input: 'fire'
2025-03-09 11:19:38,598 - ashari - DEBUG - Extracting themes from: 'fire'
2025-03-09 11:19:38,598 - ashari - DEBUG - Extracted themes: {}
2025-03-09 11:19:38,598 - ashari - DEBUG - Applying cultural filter to themes: {}
2025-03-09 11:19:38,599 - ashari - DEBUG - Culturally filtered themes: {}
2025-03-09 11:19:38,599 - ashari - DEBUG - Generating response framework for: 'fire'
2025-03-09 11:19:38,599 - ashari - DEBUG - No specific themes triggered, using overall cultural stance
2025-03-09 11:19:38,599 - ashari - DEBUG - Calculated overall stance: 0.0300
2025-03-09 11:19:38,599 - ashari - DEBUG - Generated framework cultural lens: The Ashari view this with neutral pragmatism
2025-03-09 11:19:38,599 - ashari - DEBUG - Generated framework emotional tone: calm, steady, and practical
2025-03-09 11:19:38,600 - ashari - DEBUG - Generated response framework: {
  "original_prompt": "fire",
  "cultural_lens": "The Ashari view this with neutral pragmatism",
  "emotional_tone": "calm, steady, and practical",
  "response_guidance": "Share practical wisdom while neither fully embracing nor rejecting. Maintain equilibrium.",
  "cultural_values_context": {
    "trust": -0.7,
    "hope": -0.4,
    "survival": 0.9,
    "community": 0.6,
    "outsiders": -0.8,
    "change": -0.3,
    "tradition": 0.7,
    "sacrifice": 0.5,
    "knowledge": 0.6,
    "nature": 0.4
  }
}
2025-03-09 11:19:38,600 - ashari - INFO - Updating cultural memory based on prompt: 'fire'
2025-03-09 11:19:38,600 - ashari - DEBUG - Sentiment analysis for 'fire': 0 (positive:0, negative:0)
2025-03-09 11:19:38,600 - ashari - DEBUG - No specific cultural values triggered, applying general sentiment shift
2025-03-09 11:19:38,600 - ashari - INFO - No significant changes to cultural memory in this update
2025-03-09 11:19:38,600 - ashari - DEBUG - Added interaction to history (total: 2)
2025-03-09 11:19:38,600 - ashari - INFO - Added new keyword 'fire' to Ashari's memory
2025-03-09 11:19:43,272 - ashari - INFO - Ashari memory saved to data/ashari_memory.json
2025-03-09 11:19:43,272 - ashari - DEBUG - Saved cultural memory: {
  "trust": -0.7,
  "hope": -0.4,
  "survival": 0.9,
  "community": 0.6,
  "outsiders": -0.8,
  "change": -0.3,
  "tradition": 0.7,
  "sacrifice": 0.5,
  "knowledge": 0.6,
  "nature": 0.4
}
2025-03-09 11:19:43,272 - ashari - DEBUG - Saved 2 interactions
2025-03-09 11:19:43,272 - ashari - DEBUG - Saved 2 keyword entries
2025-03-09 11:19:43,273 - ashari - INFO - Ashari memory saved to data/ashari_memory.json
2025-03-09 11:19:43,273 - ashari - DEBUG - Saved cultural memory: {
  "trust": -0.7,
  "hope": -0.4,
  "survival": 0.9,
  "community": 0.6,
  "outsiders": -0.8,
  "change": -0.3,
  "tradition": 0.7,
  "sacrifice": 0.5,
  "knowledge": 0.6,
  "nature": 0.4
}
2025-03-09 11:19:43,273 - ashari - DEBUG - Saved 2 interactions
2025-03-09 11:19:43,273 - ashari - DEBUG - Saved 2 keyword entries
